<interface>
    <name>eth0</name>
    <type>ethernetCsmacd</type>
    <enabled>false</enabled>
</interface>
